[17:04:59] [main/INFO]: Loading for game Minecraft 1.14.4
[17:04:59] [main/INFO]: [FabricLoader] Loading 31 mods: fabric-networking-blockentity-v0@0.2.0+c877038942, minecraft@1.14.4, fabric-renderer-api-v1@0.1.1+591e97ae42, fabric-keybindings-v0@0.1.1+591e97ae42, fabricloader@0.7.0+build.171, prueba@1.0, fabric-renderer-indigo@0.1.13+591e97ae42, fabric-containers-v0@0.1.2+591e97ae42, fabric-dimensions-v1@0.1.0+369ab22e42, fabric-biomes-v1@0.1.0+591e97ae42, fabric-crash-report-info-v1@0.1.1+591e97ae42, fabric-events-interaction-v0@0.1.1+591e97ae42, fabric-api-base@0.1.1+2ac73e7242, fabric-rendering-v0@0.1.1+591e97ae42, fabric-rendering-data-attachment-v1@0.1.1+c877038942, fabric-resource-loader-v0@0.1.3+591e97ae42, fabric-textures-v0@0.1.4+591e97ae42, fabric-content-registries-v0@0.1.1+591e97ae42, fabric-tag-extensions-v0@0.1.1+591e97ae42, fabric-rendering-fluids-v1@0.1.2+36f27aa342, fabric-registry-sync-v0@0.2.2+591e97ae42, fabric-commands-v0@0.1.1+591e97ae42, fabric-mining-levels-v0@0.1.0+591e97ae42, fabric-loot-tables-v1@0.1.0+591e97ae42, fabric-events-lifecycle-v0@0.1.1+591e97ae42, fabric@0.4.1+build.245-1.14, fabric-item-groups-v0@0.1.0+591e97ae42, fabric-particles-v1@0.1.1+c877038942, fabric-models-v0@0.1.0+591e97ae42, fabric-networking-v0@0.1.3+591e97ae42, fabric-object-builders-v0@0.1.1+591e97ae42
[17:04:59] [main/INFO]: SpongePowered MIXIN Subsystem Version=0.8 Source=file:/C:/Users/vecto/.gradle/caches/modules-2/files-2.1/net.fabricmc/sponge-mixin/0.8+build.16/f6fa0ddc2445392cd3499197158d928c7bd321c1/sponge-mixin-0.8+build.16.jar Service=Knot/Fabric Env=CLIENT
[17:04:59] [main/INFO]: Loaded Fabric development mappings for mixin remapper!
[17:05:00] [main/INFO]: Remapping refMap fabric-networking-v0-refmap.json using remapper chain
[17:05:00] [main/INFO]: Remapping refMap fabric-networking-blockentity-v0-refmap.json using remapper chain
[17:05:00] [main/INFO]: Remapping refMap fabric-biomes-v1-refmap.json using remapper chain
[17:05:00] [main/INFO]: Remapping refMap fabric-mining-levels-v0-refmap.json using remapper chain
[17:05:00] [main/INFO]: Remapping refMap fabric-containers-v0-refmap.json using remapper chain
[17:05:00] [main/INFO]: Remapping refMap fabric-renderer-indigo-refmap.json using remapper chain
[17:05:00] [main/INFO]: Remapping refMap fabric-rendering-data-attachment-v1-refmap.json using remapper chain
[17:05:00] [main/INFO]: Remapping refMap fabric-events-interaction-v0-refmap.json using remapper chain
[17:05:00] [main/INFO]: Remapping refMap fabric-loot-tables-v1-refmap.json using remapper chain
[17:05:00] [main/INFO]: Remapping refMap fabric-dimensions-v1-refmap.json using remapper chain
[17:05:00] [main/INFO]: Remapping refMap fabric-textures-v0-refmap.json using remapper chain
[17:05:00] [main/INFO]: Remapping refMap fabric-registry-sync-v0-refmap.json using remapper chain
[17:05:00] [main/INFO]: Remapping refMap fabric-models-v0-refmap.json using remapper chain
[17:05:00] [main/INFO]: Remapping refMap fabric-keybindings-v0-refmap.json using remapper chain
[17:05:00] [main/INFO]: Remapping refMap fabric-renderer-api-v1-refmap.json using remapper chain
[17:05:00] [main/INFO]: Remapping refMap fabric-containers-v0-refmap.json using remapper chain
[17:05:00] [main/INFO]: Remapping refMap fabric-events-lifecycle-v0-refmap.json using remapper chain
[17:05:00] [main/INFO]: Remapping refMap fabric-rendering-fluids-v1-refmap.json using remapper chain
[17:05:00] [main/INFO]: Remapping refMap fabric-resource-loader-v0-refmap.json using remapper chain
[17:05:00] [main/INFO]: Remapping refMap fabric-particles-v1-refmap.json using remapper chain
[17:05:00] [main/INFO]: Remapping refMap fabric-rendering-v0-refmap.json using remapper chain
[17:05:00] [main/INFO]: Remapping refMap fabric-object-builders-v0-refmap.json using remapper chain
[17:05:00] [main/INFO]: Remapping refMap fabric-tag-extensions-v0-refmap.json using remapper chain
[17:05:00] [main/INFO]: Remapping refMap fabric-item-groups-v0-refmap.json using remapper chain
[17:05:00] [main/INFO]: Remapping refMap fabric-content-registries-v0-refmap.json using remapper chain
[17:05:00] [main/INFO]: Remapping refMap fabric-crash-report-info-v1-refmap.json using remapper chain
[17:05:00] [main/INFO]: Remapping refMap fabric-commands-v0-refmap.json using remapper chain
[17:05:00] [main/INFO]: Remapping refMap fabric-renderer-api-v1-refmap.json using remapper chain
[17:05:01] [main/INFO]: Setting user: Player619
[17:05:06] [main/INFO]: [Indigo] Registering Indigo renderer!
[17:05:07] [main/WARN]: Skipping bad option: lastServer:
[17:05:07] [main/INFO]: LWJGL Version: 3.2.2 build 10
[17:05:10] [main/INFO]: Narrator library for x64 successfully loaded
[17:05:12] [Realms Notification Availability checker #1/INFO]: Could not authorize you against Realms server: Invalid session id
[17:05:20] [Server-Worker-2/WARN]: Exception loading blockstate definition: prueba:blockstates/iron_furnace_block.json: java.io.FileNotFoundException: prueba:blockstates/iron_furnace_block.json
[17:05:20] [Server-Worker-2/WARN]: Exception loading blockstate definition: 'prueba:blockstates/iron_furnace_block.json' missing model for variant: 'prueba:iron_furnace_block#facing=south,lit=false'
[17:05:20] [Server-Worker-2/WARN]: Exception loading blockstate definition: 'prueba:blockstates/iron_furnace_block.json' missing model for variant: 'prueba:iron_furnace_block#facing=west,lit=true'
[17:05:20] [Server-Worker-2/WARN]: Exception loading blockstate definition: 'prueba:blockstates/iron_furnace_block.json' missing model for variant: 'prueba:iron_furnace_block#facing=east,lit=true'
[17:05:20] [Server-Worker-2/WARN]: Exception loading blockstate definition: 'prueba:blockstates/iron_furnace_block.json' missing model for variant: 'prueba:iron_furnace_block#facing=east,lit=false'
[17:05:20] [Server-Worker-2/WARN]: Exception loading blockstate definition: 'prueba:blockstates/iron_furnace_block.json' missing model for variant: 'prueba:iron_furnace_block#facing=north,lit=true'
[17:05:20] [Server-Worker-2/WARN]: Exception loading blockstate definition: 'prueba:blockstates/iron_furnace_block.json' missing model for variant: 'prueba:iron_furnace_block#facing=west,lit=false'
[17:05:20] [Server-Worker-2/WARN]: Exception loading blockstate definition: 'prueba:blockstates/iron_furnace_block.json' missing model for variant: 'prueba:iron_furnace_block#facing=south,lit=true'
[17:05:20] [Server-Worker-2/WARN]: Exception loading blockstate definition: 'prueba:blockstates/iron_furnace_block.json' missing model for variant: 'prueba:iron_furnace_block#facing=north,lit=false'
[17:05:21] [Server-Worker-2/WARN]: Unable to load model: 'prueba:iron_furnace_item#inventory' referenced from: prueba:iron_furnace_item#inventory: java.io.FileNotFoundException: prueba:models/item/iron_furnace_item.json
[17:05:22] [main/INFO]: OpenAL initialized.
[17:05:22] [main/INFO]: Sound engine started
[17:05:22] [main/INFO]: Created: 1024x512 textures-atlas
[17:05:23] [main/INFO]: Created: 256x256 textures/particle-atlas
[17:05:23] [main/INFO]: Created: 256x256 textures/painting-atlas
[17:05:23] [main/INFO]: Created: 256x128 textures/mob_effect-atlas
[17:06:13] [main/INFO]: Deleting level New World
[17:06:13] [main/INFO]: Attempt 1...
[17:06:18] [main/WARN]: Ambiguity between arguments [teleport, destination] and [teleport, targets] with inputs: [Player, 0123, @e, dd12be42-52a9-4a91-a8a1-11c01849e498]
[17:06:18] [main/WARN]: Ambiguity between arguments [teleport, location] and [teleport, destination] with inputs: [0.1 -0.5 .9, 0 0 0]
[17:06:18] [main/WARN]: Ambiguity between arguments [teleport, location] and [teleport, targets] with inputs: [0.1 -0.5 .9, 0 0 0]
[17:06:18] [main/WARN]: Ambiguity between arguments [teleport, targets] and [teleport, destination] with inputs: [Player, 0123, dd12be42-52a9-4a91-a8a1-11c01849e498]
[17:06:18] [main/WARN]: Ambiguity between arguments [teleport, targets, location] and [teleport, targets, destination] with inputs: [0.1 -0.5 .9, 0 0 0]
[17:06:18] [Server thread/INFO]: Starting integrated minecraft server version 1.14.4
[17:06:18] [Server thread/INFO]: Generating keypair
[17:06:18] [Server thread/INFO]: [fabric-registry-sync] Loaded registry data [file 1/4]
[17:06:18] [Server thread/INFO]: Found new data pack fabric/fabric-mining-levels-v0, loading it automatically
[17:06:18] [Server thread/INFO]: Found new data pack vanilla, loading it automatically
[17:06:18] [Server thread/INFO]: Reloading ResourceManager: Default, Fabric Mining Levels (v0)
[17:06:19] [Server thread/INFO]: Loaded 6 recipes
[17:06:19] [Server thread/INFO]: Loaded 811 advancements
[17:06:23] [Server thread/INFO]: Preparing start region for dimension minecraft:overworld
[17:06:23] [main/INFO]: Preparing spawn area: 0%
[17:06:24] [main/INFO]: Preparing spawn area: 0%
[17:06:24] [main/INFO]: Preparing spawn area: 0%
[17:06:25] [main/INFO]: Preparing spawn area: 0%
[17:06:25] [main/INFO]: Preparing spawn area: 0%
[17:06:26] [main/INFO]: Preparing spawn area: 1%
[17:06:26] [main/INFO]: Preparing spawn area: 2%
[17:06:27] [main/INFO]: Preparing spawn area: 5%
[17:06:27] [main/INFO]: Preparing spawn area: 7%
[17:06:28] [main/INFO]: Preparing spawn area: 7%
[17:06:28] [main/INFO]: Preparing spawn area: 8%
[17:06:29] [main/INFO]: Preparing spawn area: 13%
[17:06:29] [main/INFO]: Preparing spawn area: 15%
[17:06:30] [main/INFO]: Preparing spawn area: 16%
[17:06:30] [main/INFO]: Preparing spawn area: 16%
[17:06:31] [main/INFO]: Preparing spawn area: 22%
[17:06:31] [main/INFO]: Preparing spawn area: 22%
[17:06:32] [main/INFO]: Preparing spawn area: 24%
[17:06:32] [main/INFO]: Preparing spawn area: 24%
[17:06:33] [main/INFO]: Preparing spawn area: 24%
[17:06:33] [main/INFO]: Preparing spawn area: 26%
[17:06:34] [main/INFO]: Preparing spawn area: 32%
[17:06:34] [main/INFO]: Preparing spawn area: 35%
[17:06:35] [main/INFO]: Preparing spawn area: 35%
[17:06:35] [main/INFO]: Preparing spawn area: 35%
[17:06:36] [main/INFO]: Preparing spawn area: 44%
[17:06:37] [main/INFO]: Preparing spawn area: 49%
[17:06:37] [main/INFO]: Preparing spawn area: 49%
[17:06:37] [main/INFO]: Preparing spawn area: 57%
[17:06:38] [main/INFO]: Preparing spawn area: 61%
[17:06:38] [main/INFO]: Preparing spawn area: 66%
[17:06:39] [main/INFO]: Preparing spawn area: 69%
[17:06:39] [main/INFO]: Preparing spawn area: 73%
[17:06:40] [main/INFO]: Preparing spawn area: 76%
[17:06:40] [main/INFO]: Preparing spawn area: 76%
[17:06:41] [main/INFO]: Preparing spawn area: 85%
[17:06:42] [main/INFO]: Preparing spawn area: 88%
[17:06:42] [main/INFO]: Preparing spawn area: 88%
[17:06:42] [main/INFO]: Preparing spawn area: 96%
[17:06:42] [main/INFO]: Time elapsed: 19078 ms
[17:06:43] [Server thread/INFO]: Changing view distance to 18, from 10
[17:06:44] [Server thread/INFO]: Player619[local:E:9cdfabfb] logged in with entity id 295 at (-126.5, 67.0, 134.5)
[17:06:44] [Server thread/INFO]: Player619 joined the game
[17:06:45] [Server thread/INFO]: Saving and pausing game...
[17:06:45] [Server thread/INFO]: Saving chunks for level 'New World'/minecraft:overworld
[17:06:45] [main/INFO]: Loaded 0 advancements
[17:06:48] [Server thread/INFO]: Saving chunks for level 'New World'/minecraft:the_end
[17:06:48] [Server thread/INFO]: Saving chunks for level 'New World'/minecraft:the_nether
[17:06:48] [Server thread/WARN]: Can't keep up! Is the server overloaded? Running 3417ms or 68 ticks behind
[17:06:56] [Server thread/INFO]: Saving and pausing game...
[17:06:56] [Server thread/INFO]: Saving chunks for level 'New World'/minecraft:overworld
[17:06:58] [Server thread/INFO]: Saving chunks for level 'New World'/minecraft:the_end
[17:06:58] [Server thread/INFO]: Saving chunks for level 'New World'/minecraft:the_nether
[17:07:01] [Server thread/INFO]: Changing view distance to 11, from 18
[17:07:42] [Server thread/INFO]: Saving and pausing game...
[17:07:42] [Server thread/INFO]: Saving chunks for level 'New World'/minecraft:overworld
[17:07:45] [Server thread/INFO]: Saving chunks for level 'New World'/minecraft:the_end
[17:07:45] [Server thread/INFO]: Saving chunks for level 'New World'/minecraft:the_nether
[17:07:45] [Server thread/WARN]: Can't keep up! Is the server overloaded? Running 2671ms or 53 ticks behind
[17:08:36] [Server thread/INFO]: Player619 has made the advancement [The Parrots and the Bats]
[17:08:36] [main/INFO]: [CHAT] Player619 has made the advancement [The Parrots and the Bats]
[17:08:36] [main/INFO]: Loaded 3 advancements
[17:09:49] [Server thread/INFO]: [Player619: Applied effect Night Vision to Player619]
[17:09:49] [main/INFO]: [CHAT] Applied effect Night Vision to Player619
[17:10:46] [Server thread/INFO]: Player619 has made the advancement [Ice Bucket Challenge]
[17:10:46] [main/INFO]: [CHAT] Player619 has made the advancement [Ice Bucket Challenge]
[17:10:46] [main/INFO]: Loaded 15 advancements
[17:11:14] [main/WARN]: Received passengers for unknown entity
[17:11:19] [Server thread/INFO]: Saving and pausing game...
[17:11:19] [Server thread/INFO]: Saving chunks for level 'New World'/minecraft:overworld
[17:11:21] [Server thread/INFO]: Saving chunks for level 'New World'/minecraft:the_end
[17:11:21] [Server thread/INFO]: Saving chunks for level 'New World'/minecraft:the_nether
[17:11:54] [Server thread/INFO]: Player619 has made the advancement [We Need to Go Deeper]
[17:11:54] [main/INFO]: [CHAT] Player619 has made the advancement [We Need to Go Deeper]
[17:11:54] [Server thread/WARN]: Can't keep up! Is the server overloaded? Running 7609ms or 152 ticks behind
[17:11:54] [main/INFO]: Loaded 23 advancements
[17:12:27] [Server thread/WARN]: Can't keep up! Is the server overloaded? Running 3043ms or 60 ticks behind
[17:13:06] [main/INFO]: Loaded 24 advancements
[17:15:09] [Server thread/INFO]: Saving and pausing game...
[17:15:09] [Server thread/INFO]: Saving chunks for level 'New World'/minecraft:overworld
[17:15:10] [Server thread/INFO]: Saving chunks for level 'New World'/minecraft:the_end
[17:15:10] [Server thread/INFO]: Saving chunks for level 'New World'/minecraft:the_nether
[17:15:12] [Server thread/WARN]: Can't keep up! Is the server overloaded? Running 2512ms or 50 ticks behind
[17:15:12] [Server thread/INFO]: Player619 lost connection: Disconnected
[17:15:12] [Server thread/INFO]: Player619 left the game
[17:15:12] [Server thread/INFO]: Stopping singleplayer server as player logged out
[17:15:12] [Server thread/INFO]: Stopping server
[17:15:12] [Server thread/INFO]: Saving players
[17:15:12] [Server thread/INFO]: Saving worlds
[17:15:12] [Server thread/INFO]: Saving chunks for level 'New World'/minecraft:overworld
[17:15:12] [Server thread/INFO]: ThreadedAnvilChunkStorage (New World): All chunks are saved
[17:15:12] [Server thread/INFO]: Saving chunks for level 'New World'/minecraft:the_end
[17:15:12] [Server thread/INFO]: ThreadedAnvilChunkStorage (DIM1): All chunks are saved
[17:15:12] [Server thread/INFO]: Saving chunks for level 'New World'/minecraft:the_nether
[17:15:13] [Server thread/INFO]: ThreadedAnvilChunkStorage (DIM-1): All chunks are saved
[17:15:13] [Server thread/INFO]: ThreadedAnvilChunkStorage (New World): All chunks are saved
[17:15:13] [Server thread/INFO]: ThreadedAnvilChunkStorage (DIM1): All chunks are saved
[17:15:13] [Server thread/INFO]: ThreadedAnvilChunkStorage (DIM-1): All chunks are saved
[17:15:14] [main/INFO]: Stopping!
